app/build/intermediates/manifest_merge_blame_file/debug/processDebugMainManifest/manifest-merger-blame-debug-report.txt
1<?xml version="1.0" encoding="utf-8"?>
2<manifest xmlns:android="http://schemas.android.com/apk/res/android"
3    package="com.project.puk"
4    android:versionCode="5"
5    android:versionName="1.1.0" >
6
7    <uses-sdk
8        android:minSdkVersion="28"
9        android:targetSdkVersion="35" />
10
11    <uses-permission android:name="android.permission.INTERNET" />
11-->src\main\AndroidManifest.xml:5:5-67
11-->src\main\AndroidManifest.xml:5:22-64
12    <uses-permission android:name="android.permission.ACCESS_NETWORK_STATE" />
12-->src\main\AndroidManifest.xml:6:5-79
12-->src\main\AndroidManifest.xml:6:22-76
13    <uses-permission android:name="android.permission.FOREGROUND_SERVICE" />
13-->src\main\AndroidManifest.xml:7:5-77
13-->src\main\AndroidManifest.xml:7:22-74
14    <uses-permission android:name="android.permission.FOREGROUND_SERVICE_MEDIA_PLAYBACK" />
14-->src\main\AndroidManifest.xml:8:5-92
14-->src\main\AndroidManifest.xml:8:22-89
15    <uses-permission android:name="android.permission.POST_NOTIFICATIONS" />
15-->src\main\AndroidManifest.xml:9:5-77
15-->src\main\AndroidManifest.xml:9:22-74
16    <uses-permission android:name="android.permission.WAKE_LOCK" />
16-->src\main\AndroidManifest.xml:10:5-68
16-->src\main\AndroidManifest.xml:10:22-65
17    <uses-permission android:name="android.permission.BLUETOOTH_CONNECT" />
17-->src\main\AndroidManifest.xml:11:5-76
17-->src\main\AndroidManifest.xml:11:22-73
18    <uses-permission
18-->src\main\AndroidManifest.xml:12:5-14:38
19        android:name="android.permission.WRITE_EXTERNAL_STORAGE"
19-->src\main\AndroidManifest.xml:13:9-65
20        android:maxSdkVersion="28" />
20-->src\main\AndroidManifest.xml:14:9-35
21
22    <permission
22-->[androidx.core:core:1.15.0] AndroidManifest.xml:22:5-24:47
23        android:name="com.project.puk.DYNAMIC_RECEIVER_NOT_EXPORTED_PERMISSION"
23-->[androidx.core:core:1.15.0] AndroidManifest.xml:23:9-81
24        android:protectionLevel="signature" />
24-->[androidx.core:core:1.15.0] AndroidManifest.xml:24:9-44
25
26    <uses-permission android:name="com.project.puk.DYNAMIC_RECEIVER_NOT_EXPORTED_PERMISSION" />
26-->[androidx.core:core:1.15.0] AndroidManifest.xml:26:5-97
26-->[androidx.core:core:1.15.0] AndroidManifest.xml:26:22-94
27
28    <application
28-->src\main\AndroidManifest.xml:16:5-67:19
29        android:allowBackup="false"
29-->src\main\AndroidManifest.xml:17:9-36
30        android:appComponentFactory="androidx.core.app.CoreComponentFactory"
30-->[androidx.core:core:1.15.0] AndroidManifest.xml:28:18-86
31        android:debuggable="true"
32        android:extractNativeLibs="false"
33        android:hardwareAccelerated="true"
33-->src\main\AndroidManifest.xml:25:9-43
34        android:icon="@mipmap/ic_launcher"
34-->src\main\AndroidManifest.xml:18:9-43
35        android:label="@string/app_name"
35-->src\main\AndroidManifest.xml:19:9-41
36        android:networkSecurityConfig="@xml/network_security_config"
36-->src\main\AndroidManifest.xml:23:9-69
37        android:roundIcon="@mipmap/ic_launcher_round"
37-->src\main\AndroidManifest.xml:20:9-54
38        android:supportsRtl="true"
38-->src\main\AndroidManifest.xml:21:9-35
39        android:theme="@style/Theme.SpotiPuk"
39-->src\main\AndroidManifest.xml:22:9-46
40        android:usesCleartextTraffic="false" >
40-->src\main\AndroidManifest.xml:24:9-45
41        <activity
41-->src\main\AndroidManifest.xml:27:9-36:20
42            android:name="com.project.puk.ui.CertificateActivity"
42-->src\main\AndroidManifest.xml:28:13-51
43            android:exported="true"
43-->src\main\AndroidManifest.xml:29:13-36
44            android:screenOrientation="portrait"
44-->src\main\AndroidManifest.xml:30:13-49
45            android:theme="@style/Theme.SpotiPuk" >
45-->src\main\AndroidManifest.xml:31:13-50
46            <intent-filter>
46-->src\main\AndroidManifest.xml:32:13-35:29
47                <action android:name="android.intent.action.MAIN" />
47-->src\main\AndroidManifest.xml:33:17-69
47-->src\main\AndroidManifest.xml:33:25-66
48
49                <category android:name="android.intent.category.LAUNCHER" />
49-->src\main\AndroidManifest.xml:34:17-77
49-->src\main\AndroidManifest.xml:34:27-74
50            </intent-filter>
51        </activity>
52        <activity
52-->src\main\AndroidManifest.xml:38:9-45:50
53            android:name="com.project.puk.ui.MainActivity"
53-->src\main\AndroidManifest.xml:39:13-44
54            android:configChanges="orientation|screenSize|screenLayout|keyboardHidden"
54-->src\main\AndroidManifest.xml:42:13-87
55            android:exported="false"
55-->src\main\AndroidManifest.xml:40:13-37
56            android:hardwareAccelerated="true"
56-->src\main\AndroidManifest.xml:45:13-47
57            android:screenOrientation="portrait"
57-->src\main\AndroidManifest.xml:41:13-49
58            android:theme="@style/Theme.SpotiPuk"
58-->src\main\AndroidManifest.xml:44:13-50
59            android:windowSoftInputMode="adjustResize" />
59-->src\main\AndroidManifest.xml:43:13-55
60        <activity
60-->src\main\AndroidManifest.xml:47:9-51:53
61            android:name="com.project.puk.ui.SettingsActivity"
61-->src\main\AndroidManifest.xml:48:13-48
62            android:exported="false"
62-->src\main\AndroidManifest.xml:49:13-37
63            android:screenOrientation="portrait"
63-->src\main\AndroidManifest.xml:50:13-49
64            android:theme="@style/Theme.SpotiPuk" />
64-->src\main\AndroidManifest.xml:51:13-50
65
66        <meta-data
66-->src\main\AndroidManifest.xml:53:9-55:59
67            android:name="com.google.android.gms.car.application"
67-->src\main\AndroidManifest.xml:54:13-66
68            android:resource="@xml/automotive_app_desc" />
68-->src\main\AndroidManifest.xml:55:13-56
69
70        <service
70-->src\main\AndroidManifest.xml:57:9-65:19
71            android:name="com.project.puk.service.MediaNotificationService"
71-->src\main\AndroidManifest.xml:58:13-61
72            android:exported="true"
72-->src\main\AndroidManifest.xml:59:13-36
73            android:foregroundServiceType="mediaPlayback" >
73-->src\main\AndroidManifest.xml:60:13-58
74            <intent-filter>
74-->src\main\AndroidManifest.xml:62:13-64:29
75                <action android:name="android.media.browse.MediaBrowserService" />
75-->src\main\AndroidManifest.xml:63:17-83
75-->src\main\AndroidManifest.xml:63:25-80
76            </intent-filter>
77        </service>
78
79        <activity
79-->[androidx.compose.ui:ui-tooling-android:1.7.5] AndroidManifest.xml:23:9-25:39
80            android:name="androidx.compose.ui.tooling.PreviewActivity"
80-->[androidx.compose.ui:ui-tooling-android:1.7.5] AndroidManifest.xml:24:13-71
81            android:exported="true" />
81-->[androidx.compose.ui:ui-tooling-android:1.7.5] AndroidManifest.xml:25:13-36
82
83        <provider
83-->[androidx.emoji2:emoji2:1.3.0] AndroidManifest.xml:24:9-32:20
84            android:name="androidx.startup.InitializationProvider"
84-->[androidx.emoji2:emoji2:1.3.0] AndroidManifest.xml:25:13-67
85            android:authorities="com.project.puk.androidx-startup"
85-->[androidx.emoji2:emoji2:1.3.0] AndroidManifest.xml:26:13-68
86            android:exported="false" >
86-->[androidx.emoji2:emoji2:1.3.0] AndroidManifest.xml:27:13-37
87            <meta-data
87-->[androidx.emoji2:emoji2:1.3.0] AndroidManifest.xml:29:13-31:52
88                android:name="androidx.emoji2.text.EmojiCompatInitializer"
88-->[androidx.emoji2:emoji2:1.3.0] AndroidManifest.xml:30:17-75
89                android:value="androidx.startup" />
89-->[androidx.emoji2:emoji2:1.3.0] AndroidManifest.xml:31:17-49
90            <meta-data
90-->[androidx.lifecycle:lifecycle-process:2.8.7] AndroidManifest.xml:29:13-31:52
91                android:name="androidx.lifecycle.ProcessLifecycleInitializer"
91-->[androidx.lifecycle:lifecycle-process:2.8.7] AndroidManifest.xml:30:17-78
92                android:value="androidx.startup" />
92-->[androidx.lifecycle:lifecycle-process:2.8.7] AndroidManifest.xml:31:17-49
93            <meta-data
93-->[androidx.profileinstaller:profileinstaller:1.3.1] AndroidManifest.xml:29:13-31:52
94                android:name="androidx.profileinstaller.ProfileInstallerInitializer"
94-->[androidx.profileinstaller:profileinstaller:1.3.1] AndroidManifest.xml:30:17-85
95                android:value="androidx.startup" />
95-->[androidx.profileinstaller:profileinstaller:1.3.1] AndroidManifest.xml:31:17-49
96        </provider>
97
98        <receiver
98-->[androidx.profileinstaller:profileinstaller:1.3.1] AndroidManifest.xml:34:9-52:20
99            android:name="androidx.profileinstaller.ProfileInstallReceiver"
99-->[androidx.profileinstaller:profileinstaller:1.3.1] AndroidManifest.xml:35:13-76
100            android:directBootAware="false"
100-->[androidx.profileinstaller:profileinstaller:1.3.1] AndroidManifest.xml:36:13-44
101            android:enabled="true"
101-->[androidx.profileinstaller:profileinstaller:1.3.1] AndroidManifest.xml:37:13-35
102            android:exported="true"
102-->[androidx.profileinstaller:profileinstaller:1.3.1] AndroidManifest.xml:38:13-36
103            android:permission="android.permission.DUMP" >
103-->[androidx.profileinstaller:profileinstaller:1.3.1] AndroidManifest.xml:39:13-57
104            <intent-filter>
104-->[androidx.profileinstaller:profileinstaller:1.3.1] AndroidManifest.xml:40:13-42:29
105                <action android:name="androidx.profileinstaller.action.INSTALL_PROFILE" />
105-->[androidx.profileinstaller:profileinstaller:1.3.1] AndroidManifest.xml:41:17-91
105-->[androidx.profileinstaller:profileinstaller:1.3.1] AndroidManifest.xml:41:25-88
106            </intent-filter>
107            <intent-filter>
107-->[androidx.profileinstaller:profileinstaller:1.3.1] AndroidManifest.xml:43:13-45:29
108                <action android:name="androidx.profileinstaller.action.SKIP_FILE" />
108-->[androidx.profileinstaller:profileinstaller:1.3.1] AndroidManifest.xml:44:17-85
108-->[androidx.profileinstaller:profileinstaller:1.3.1] AndroidManifest.xml:44:25-82
109            </intent-filter>
110            <intent-filter>
110-->[androidx.profileinstaller:profileinstaller:1.3.1] AndroidManifest.xml:46:13-48:29
111                <action android:name="androidx.profileinstaller.action.SAVE_PROFILE" />
111-->[androidx.profileinstaller:profileinstaller:1.3.1] AndroidManifest.xml:47:17-88
111-->[androidx.profileinstaller:profileinstaller:1.3.1] AndroidManifest.xml:47:25-85
112            </intent-filter>
113            <intent-filter>
113-->[androidx.profileinstaller:profileinstaller:1.3.1] AndroidManifest.xml:49:13-51:29
114                <action android:name="androidx.profileinstaller.action.BENCHMARK_OPERATION" />
114-->[androidx.profileinstaller:profileinstaller:1.3.1] AndroidManifest.xml:50:17-95
114-->[androidx.profileinstaller:profileinstaller:1.3.1] AndroidManifest.xml:50:25-92
115            </intent-filter>
116        </receiver>
117    </application>
118
119</manifest>